SillyChildClient/IMLib/build/outputs/logs/manifest-merger-debug-report.txt
-- Merging decision tree log ---
manifest
ADDED from SillyChildClient\IMLib\AndroidManifest.xml:1:1-96:12
INJECTED from SillyChildClient\IMLib\AndroidManifest.xml:1:1-96:12
INJECTED from SillyChildClient\IMLib\AndroidManifest.xml:1:1-96:12
INJECTED from SillyChildClient\IMLib\AndroidManifest.xml:1:1-96:12
INJECTED from SillyChildClient\IMLib\AndroidManifest.xml:1:1-96:12
INJECTED from SillyChildClient\IMLib\AndroidManifest.xml:1:1-96:12
INJECTED from SillyChildClient\IMLib\AndroidManifest.xml:1:1-96:12
	package
		ADDED from SillyChildClient\IMLib\AndroidManifest.xml:2:5-28
		INJECTED from SillyChildClient\IMLib\AndroidManifest.xml
		INJECTED from SillyChildClient\IMLib\AndroidManifest.xml
	android:versionName
		INJECTED from SillyChildClient\IMLib\AndroidManifest.xml
		ADDED from SillyChildClient\IMLib\AndroidManifest.xml:1:1-96:12
		INJECTED from SillyChildClient\IMLib\AndroidManifest.xml
	android:versionCode
		INJECTED from SillyChildClient\IMLib\AndroidManifest.xml
		ADDED from SillyChildClient\IMLib\AndroidManifest.xml:1:1-96:12
		INJECTED from SillyChildClient\IMLib\AndroidManifest.xml
	xmlns:android
		ADDED from SillyChildClient\IMLib\AndroidManifest.xml:1:11-69
uses-sdk
ADDED from SillyChildClient\IMLib\AndroidManifest.xml:4:5-6:41
INJECTED from SillyChildClient\IMLib\AndroidManifest.xml:4:5-6:41
INJECTED from SillyChildClient\IMLib\AndroidManifest.xml:4:5-6:41
INJECTED from SillyChildClient\IMLib\AndroidManifest.xml:4:5-6:41
INJECTED from SillyChildClient\IMLib\AndroidManifest.xml:4:5-6:41
	android:targetSdkVersion
		ADDED from SillyChildClient\IMLib\AndroidManifest.xml:6:9-38
		INJECTED from SillyChildClient\IMLib\AndroidManifest.xml
		INJECTED from SillyChildClient\IMLib\AndroidManifest.xml
	android:minSdkVersion
		ADDED from SillyChildClient\IMLib\AndroidManifest.xml:5:9-35
		INJECTED from SillyChildClient\IMLib\AndroidManifest.xml
		INJECTED from SillyChildClient\IMLib\AndroidManifest.xml
uses-permission#android.permission.WRITE_EXTERNAL_STORAGE
ADDED from SillyChildClient\IMLib\AndroidManifest.xml:8:5-81
	android:name
		ADDED from SillyChildClient\IMLib\AndroidManifest.xml:8:22-78
uses-permission#android.permission.INTERNET
ADDED from SillyChildClient\IMLib\AndroidManifest.xml:9:5-67
	android:name
		ADDED from SillyChildClient\IMLib\AndroidManifest.xml:9:22-64
uses-permission#android.permission.ACCESS_NETWORK_STATE
ADDED from SillyChildClient\IMLib\AndroidManifest.xml:10:5-79
	android:name
		ADDED from SillyChildClient\IMLib\AndroidManifest.xml:10:22-76
uses-permission#android.permission.ACCESS_WIFI_STATE
ADDED from SillyChildClient\IMLib\AndroidManifest.xml:11:5-76
	android:name
		ADDED from SillyChildClient\IMLib\AndroidManifest.xml:11:22-73
uses-permission#android.permission.READ_PHONE_STATE
ADDED from SillyChildClient\IMLib\AndroidManifest.xml:12:5-75
	android:name
		ADDED from SillyChildClient\IMLib\AndroidManifest.xml:12:22-72
uses-permission#android.permission.RECORD_AUDIO
ADDED from SillyChildClient\IMLib\AndroidManifest.xml:13:5-71
	android:name
		ADDED from SillyChildClient\IMLib\AndroidManifest.xml:13:22-68
uses-permission#android.permission.GET_TASKS
ADDED from SillyChildClient\IMLib\AndroidManifest.xml:14:5-68
	android:name
		ADDED from SillyChildClient\IMLib\AndroidManifest.xml:14:22-65
uses-permission#android.permission.WAKE_LOCK
ADDED from SillyChildClient\IMLib\AndroidManifest.xml:15:5-68
	android:name
		ADDED from SillyChildClient\IMLib\AndroidManifest.xml:15:22-65
uses-permission#android.permission.MODIFY_AUDIO_SETTINGS
ADDED from SillyChildClient\IMLib\AndroidManifest.xml:16:5-80
	android:name
		ADDED from SillyChildClient\IMLib\AndroidManifest.xml:16:22-77
uses-permission#android.permission.VIBRATE
ADDED from SillyChildClient\IMLib\AndroidManifest.xml:17:5-66
	android:name
		ADDED from SillyChildClient\IMLib\AndroidManifest.xml:17:22-63
uses-permission#android.permission.ACCESS_FINE_LOCATION
ADDED from SillyChildClient\IMLib\AndroidManifest.xml:18:5-79
	android:name
		ADDED from SillyChildClient\IMLib\AndroidManifest.xml:18:22-76
uses-permission#android.permission.RECEIVE_BOOT_COMPLETED
ADDED from SillyChildClient\IMLib\AndroidManifest.xml:19:5-81
	android:name
		ADDED from SillyChildClient\IMLib\AndroidManifest.xml:19:22-78
application
ADDED from SillyChildClient\IMLib\AndroidManifest.xml:21:5-94:19
service#io.rong.imlib.ipc.RongService
ADDED from SillyChildClient\IMLib\AndroidManifest.xml:28:9-31:38
	android:process
		ADDED from SillyChildClient\IMLib\AndroidManifest.xml:31:13-35
	android:exported
		ADDED from SillyChildClient\IMLib\AndroidManifest.xml:30:13-36
	android:name
		ADDED from SillyChildClient\IMLib\AndroidManifest.xml:29:13-57
service#io.rong.imlib.ReConnectService
ADDED from SillyChildClient\IMLib\AndroidManifest.xml:33:9-36:72
	android:exported
		ADDED from SillyChildClient\IMLib\AndroidManifest.xml:35:13-36
	android:permission
		ADDED from SillyChildClient\IMLib\AndroidManifest.xml:36:13-69
	android:name
		ADDED from SillyChildClient\IMLib\AndroidManifest.xml:34:13-45
receiver#io.rong.imlib.ConnectChangeReceiver
ADDED from SillyChildClient\IMLib\AndroidManifest.xml:38:9-40:39
	android:exported
		ADDED from SillyChildClient\IMLib\AndroidManifest.xml:40:13-36
	android:name
		ADDED from SillyChildClient\IMLib\AndroidManifest.xml:39:13-63
receiver#io.rong.imlib.HeartbeatReceiver
ADDED from SillyChildClient\IMLib\AndroidManifest.xml:42:9-44:38
	android:process
		ADDED from SillyChildClient\IMLib\AndroidManifest.xml:44:13-35
	android:name
		ADDED from SillyChildClient\IMLib\AndroidManifest.xml:43:13-59
service#io.rong.push.core.PushRegistrationService
ADDED from SillyChildClient\IMLib\AndroidManifest.xml:51:9-54:72
	android:exported
		ADDED from SillyChildClient\IMLib\AndroidManifest.xml:53:13-36
	android:permission
		ADDED from SillyChildClient\IMLib\AndroidManifest.xml:54:13-69
	android:name
		ADDED from SillyChildClient\IMLib\AndroidManifest.xml:52:13-69
service#io.rong.push.core.MessageHandleService
ADDED from SillyChildClient\IMLib\AndroidManifest.xml:56:9-59:72
	android:exported
		ADDED from SillyChildClient\IMLib\AndroidManifest.xml:58:13-36
	android:permission
		ADDED from SillyChildClient\IMLib\AndroidManifest.xml:59:13-69
	android:name
		ADDED from SillyChildClient\IMLib\AndroidManifest.xml:57:13-66
service#io.rong.push.PushService
ADDED from SillyChildClient\IMLib\AndroidManifest.xml:62:9-66:46
	android:process
		ADDED from SillyChildClient\IMLib\AndroidManifest.xml:66:13-43
	android:exported
		ADDED from SillyChildClient\IMLib\AndroidManifest.xml:64:13-36
	android:permission
		ADDED from SillyChildClient\IMLib\AndroidManifest.xml:65:13-69
	android:name
		ADDED from SillyChildClient\IMLib\AndroidManifest.xml:63:13-52
receiver#io.rong.push.PushReceiver
ADDED from SillyChildClient\IMLib\AndroidManifest.xml:69:9-89:20
	android:process
		ADDED from SillyChildClient\IMLib\AndroidManifest.xml:71:13-43
	android:name
		ADDED from SillyChildClient\IMLib\AndroidManifest.xml:70:13-53
intent-filter#io.rong.push.intent.action.HEART_BEAT
ADDED from SillyChildClient\IMLib\AndroidManifest.xml:73:13-75:29
action#io.rong.push.intent.action.HEART_BEAT
ADDED from SillyChildClient\IMLib\AndroidManifest.xml:74:17-80
	android:name
		ADDED from SillyChildClient\IMLib\AndroidManifest.xml:74:25-77
intent-filter#android.net.conn.CONNECTIVITY_CHANGE
ADDED from SillyChildClient\IMLib\AndroidManifest.xml:77:13-79:29
action#android.net.conn.CONNECTIVITY_CHANGE
ADDED from SillyChildClient\IMLib\AndroidManifest.xml:78:17-79
	android:name
		ADDED from SillyChildClient\IMLib\AndroidManifest.xml:78:25-76
intent-filter#android.intent.action.BOOT_COMPLETED
ADDED from SillyChildClient\IMLib\AndroidManifest.xml:81:13-83:29
action#android.intent.action.BOOT_COMPLETED
ADDED from SillyChildClient\IMLib\AndroidManifest.xml:82:17-79
	android:name
		ADDED from SillyChildClient\IMLib\AndroidManifest.xml:82:25-76
intent-filter#android.intent.action.ACTION_POWER_CONNECTED+android.intent.action.ACTION_POWER_DISCONNECTED+android.intent.action.USER_PRESENT
ADDED from SillyChildClient\IMLib\AndroidManifest.xml:84:13-88:29
action#android.intent.action.USER_PRESENT
ADDED from SillyChildClient\IMLib\AndroidManifest.xml:85:17-77
	android:name
		ADDED from SillyChildClient\IMLib\AndroidManifest.xml:85:25-74
action#android.intent.action.ACTION_POWER_CONNECTED
ADDED from SillyChildClient\IMLib\AndroidManifest.xml:86:17-87
	android:name
		ADDED from SillyChildClient\IMLib\AndroidManifest.xml:86:25-84
action#android.intent.action.ACTION_POWER_DISCONNECTED
ADDED from SillyChildClient\IMLib\AndroidManifest.xml:87:17-90
	android:name
		ADDED from SillyChildClient\IMLib\AndroidManifest.xml:87:25-87